  CCore.cpp
  CKeyMgr.cpp
  CMissile.cpp
C:\Users\Administrator\Desktop\git\WinProj\WinApiLecture\Client\CMissile.cpp(33,35): warning C4244: '인수': 'float'에서 'int'(으)로 변환하면서 데이터가 손실될 수 있습니다.
C:\Users\Administrator\Desktop\git\WinProj\WinApiLecture\Client\CMissile.cpp(33,10): warning C4244: '인수': 'float'에서 'int'(으)로 변환하면서 데이터가 손실될 수 있습니다.
C:\Users\Administrator\Desktop\git\WinProj\WinApiLecture\Client\CMissile.cpp(32,47): warning C4244: '인수': 'float'에서 'int'(으)로 변환하면서 데이터가 손실될 수 있습니다.
C:\Users\Administrator\Desktop\git\WinProj\WinApiLecture\Client\CMissile.cpp(32,22): warning C4244: '인수': 'float'에서 'int'(으)로 변환하면서 데이터가 손실될 수 있습니다.
  CObject.cpp
C:\Users\Administrator\Desktop\git\WinProj\WinApiLecture\Client\CObject.cpp(23,44): warning C4244: '인수': 'float'에서 'int'(으)로 변환하면서 데이터가 손실될 수 있습니다.
C:\Users\Administrator\Desktop\git\WinProj\WinApiLecture\Client\CObject.cpp(23,15): warning C4244: '인수': 'float'에서 'int'(으)로 변환하면서 데이터가 손실될 수 있습니다.
C:\Users\Administrator\Desktop\git\WinProj\WinApiLecture\Client\CObject.cpp(22,55): warning C4244: '인수': 'float'에서 'int'(으)로 변환하면서 데이터가 손실될 수 있습니다.
C:\Users\Administrator\Desktop\git\WinProj\WinApiLecture\Client\CObject.cpp(22,26): warning C4244: '인수': 'float'에서 'int'(으)로 변환하면서 데이터가 손실될 수 있습니다.
  CPlayer.cpp
  CScene.cpp
  CSceneMgr.cpp
  CScene_Start.cpp
  CTimeMgr.cpp
  main.cpp
  CMonster.cpp
  Client.vcxproj -> C:\Users\Administrator\Desktop\git\WinProj\WinApiLecture\x64\Debug\Client.exe
