  CCore.cpp
  CKeyMgr.cpp
  CObject.cpp
C:\Users\Administrator\Desktop\git\WinAPI\WinProj\WinApiLecture\Client\CObject.cpp(23,44): warning C4244: '인수': 'float'에서 'int'(으)로 변환하면서 데이터가 손실될 수 있습니다.
C:\Users\Administrator\Desktop\git\WinAPI\WinProj\WinApiLecture\Client\CObject.cpp(23,15): warning C4244: '인수': 'float'에서 'int'(으)로 변환하면서 데이터가 손실될 수 있습니다.
C:\Users\Administrator\Desktop\git\WinAPI\WinProj\WinApiLecture\Client\CObject.cpp(22,55): warning C4244: '인수': 'float'에서 'int'(으)로 변환하면서 데이터가 손실될 수 있습니다.
C:\Users\Administrator\Desktop\git\WinAPI\WinProj\WinApiLecture\Client\CObject.cpp(22,26): warning C4244: '인수': 'float'에서 'int'(으)로 변환하면서 데이터가 손실될 수 있습니다.
  CPlayer.cpp
  CScene.cpp
  CSceneMgr.cpp
  CScene_Start.cpp
  CTimeMgr.cpp
  main.cpp
  CMonster.cpp
LINK : error C4727: 타임스탬프가 동일한 c:\users\administrator\desktop\git\winapi\winproj\winapilecture\client\x64\release\client.pch PCH가 c:\users\administrator\desktop\git\winapi\winproj\winapilecture\client\x64\release\ckeymgr.obj 및 c:\users\administrator\desktop\git\winapi\winproj\winapilecture\client\x64\release\ccore.obj에 있습니다.  첫 번째 PCH를 사용합니다.
LINK : error C4727: 타임스탬프가 동일한 c:\users\administrator\desktop\git\winapi\winproj\winapilecture\client\x64\release\client.pch PCH가 c:\users\administrator\desktop\git\winapi\winproj\winapilecture\client\x64\release\cscene.obj 및 c:\users\administrator\desktop\git\winapi\winproj\winapilecture\client\x64\release\cplayer.obj에 있습니다.  첫 번째 PCH를 사용합니다.
LINK : error C4727: 타임스탬프가 동일한 c:\users\administrator\desktop\git\winapi\winproj\winapilecture\client\x64\release\client.pch PCH가 c:\users\administrator\desktop\git\winapi\winproj\winapilecture\client\x64\release\cscene_start.obj 및 c:\users\administrator\desktop\git\winapi\winproj\winapilecture\client\x64\release\cscenemgr.obj에 있습니다.  첫 번째 PCH를 사용합니다.
LINK : error C4727: 타임스탬프가 동일한 c:\users\administrator\desktop\git\winapi\winproj\winapilecture\client\x64\release\client.pch PCH가 c:\users\administrator\desktop\git\winapi\winproj\winapilecture\client\x64\release\cmonster.obj 및 c:\users\administrator\desktop\git\winapi\winproj\winapilecture\client\x64\release\main.obj에 있습니다.  첫 번째 PCH를 사용합니다.
  코드를 생성하고 있습니다.
  Previous IPDB was built with incompatible compiler, fall back to full compilation.
  All 234 functions were compiled because no usable IPDB/IOBJ from previous compilation was found.
LINK : fatal error LNK1257: 코드를 생성하지 못했습니다.
